<?xml version="1.0" encoding="UTF-8"?>
<!-- Generated by org.testng.reporters.JUnitReportReporter -->
<testsuite skipped="1" hostname="Anjithas-Air.domain.name" name="com.testcases.OpenAccountTest" tests="1" failures="0" timestamp="2020-07-02T14:17:02 IST" time="0.004" errors="0">
  <testcase name="openAccountTest" time="0.004" classname="com.testcases.OpenAccountTest">
    <skipped/>
  </testcase> <!-- openAccountTest -->
  <system-out/>
</testsuite> <!-- com.testcases.OpenAccountTest -->
