<?xml version="1.0" encoding="UTF-8"?>
<!-- Generated by org.testng.reporters.JUnitReportReporter -->
<testsuite skipped="0" hostname="Anjithas-Air.domain.name" name="com.testcases.LoginTest" tests="1" failures="0" timestamp="2020-07-02T14:17:02 IST" time="4.831" errors="0">
  <testcase name="loginTest" time="4.831" classname="com.testcases.LoginTest"/>
  <system-out/>
</testsuite> <!-- com.testcases.LoginTest -->
