<?xml version="1.0" encoding="UTF-8"?>
<!-- Generated by org.testng.reporters.JUnitReportReporter -->
<testsuite skipped="0" hostname="Anjithas-Air.domain.name" name="com.testcases.OpenAccountTest" tests="1" failures="0" timestamp="02 Jul 2020 09:13:50 GMT" time="58.885" errors="0">
  <testcase name="openAccountTest" time="58.885" classname="com.testcases.OpenAccountTest"/>
</testsuite> <!-- com.testcases.OpenAccountTest -->
